2025-12-02T17:13:41.033+01:00  INFO 94552 --- [demo] [main] com.example.demo.ProducerMain            : Starting ProducerMain using Java 21.0.8 with PID 94552 (/home/florian/Documents/SYT/DEZSYS_GK73_WAREHOUSE_MOM/build/classes/java/main started by florian in /home/florian/Documents/SYT/DEZSYS_GK73_WAREHOUSE_MOM)
2025-12-02T17:13:41.034+01:00  INFO 94552 --- [demo] [main] com.example.demo.ProducerMain            : The following 1 profile is active: "producer"
2025-12-02T17:13:41.503+01:00  INFO 94552 --- [demo] [main] o.s.b.w.embedded.tomcat.TomcatWebServer  : Tomcat initialized with port 8080 (http)
2025-12-02T17:13:41.509+01:00  INFO 94552 --- [demo] [main] o.apache.catalina.core.StandardService   : Starting service [Tomcat]
2025-12-02T17:13:41.509+01:00  INFO 94552 --- [demo] [main] o.apache.catalina.core.StandardEngine    : Starting Servlet engine: [Apache Tomcat/10.1.30]
2025-12-02T17:13:41.528+01:00  INFO 94552 --- [demo] [main] o.a.c.c.C.[Tomcat].[localhost].[/]       : Initializing Spring embedded WebApplicationContext
2025-12-02T17:13:41.528+01:00  INFO 94552 --- [demo] [main] w.s.c.ServletWebServerApplicationContext : Root WebApplicationContext: initialization completed in 470 ms
2025-12-02T17:13:41.772+01:00  INFO 94552 --- [demo] [main] o.s.b.w.embedded.tomcat.TomcatWebServer  : Tomcat started on port 8080 (http) with context path '/'
2025-12-02T17:13:41.790+01:00  INFO 94552 --- [demo] [main] o.a.k.clients.consumer.ConsumerConfig    : ConsumerConfig values: 
	allow.auto.create.topics = true
	auto.commit.interval.ms = 5000
	auto.include.jmx.reporter = true
	auto.offset.reset = earliest
	bootstrap.servers = [localhost:9092]
	check.crcs = true
	client.dns.lookup = use_all_dns_ips
	client.id = consumer-myGroup-1
	client.rack = 
	connections.max.idle.ms = 540000
	default.api.timeout.ms = 60000
	enable.auto.commit = false
	enable.metrics.push = true
	exclude.internal.topics = true
	fetch.max.bytes = 52428800
	fetch.max.wait.ms = 500
	fetch.min.bytes = 1
	group.id = myGroup
	group.instance.id = null
	group.protocol = classic
	group.remote.assignor = null
	heartbeat.interval.ms = 3000
	interceptor.classes = []
	internal.leave.group.on.close = true
	internal.throw.on.fetch.stable.offset.unsupported = false
	isolation.level = read_uncommitted
	key.deserializer = class org.apache.kafka.common.serialization.StringDeserializer
	max.partition.fetch.bytes = 1048576
	max.poll.interval.ms = 300000
	max.poll.records = 500
	metadata.max.age.ms = 300000
	metric.reporters = []
	metrics.num.samples = 2
	metrics.recording.level = INFO
	metrics.sample.window.ms = 30000
	partition.assignment.strategy = [class org.apache.kafka.clients.consumer.RangeAssignor, class org.apache.kafka.clients.consumer.CooperativeStickyAssignor]
	receive.buffer.bytes = 65536
	reconnect.backoff.max.ms = 1000
	reconnect.backoff.ms = 50
	request.timeout.ms = 30000
	retry.backoff.max.ms = 1000
	retry.backoff.ms = 100
	sasl.client.callback.handler.class = null
	sasl.jaas.config = null
	sasl.kerberos.kinit.cmd = /usr/bin/kinit
	sasl.kerberos.min.time.before.relogin = 60000
	sasl.kerberos.service.name = null
	sasl.kerberos.ticket.renew.jitter = 0.05
	sasl.kerberos.ticket.renew.window.factor = 0.8
	sasl.login.callback.handler.class = null
	sasl.login.class = null
	sasl.login.connect.timeout.ms = null
	sasl.login.read.timeout.ms = null
	sasl.login.refresh.buffer.seconds = 300
	sasl.login.refresh.min.period.seconds = 60
	sasl.login.refresh.window.factor = 0.8
	sasl.login.refresh.window.jitter = 0.05
	sasl.login.retry.backoff.max.ms = 10000
	sasl.login.retry.backoff.ms = 100
	sasl.mechanism = GSSAPI
	sasl.oauthbearer.clock.skew.seconds = 30
	sasl.oauthbearer.expected.audience = null
	sasl.oauthbearer.expected.issuer = null
	sasl.oauthbearer.jwks.endpoint.refresh.ms = 3600000
	sasl.oauthbearer.jwks.endpoint.retry.backoff.max.ms = 10000
	sasl.oauthbearer.jwks.endpoint.retry.backoff.ms = 100
	sasl.oauthbearer.jwks.endpoint.url = null
	sasl.oauthbearer.scope.claim.name = scope
	sasl.oauthbearer.sub.claim.name = sub
	sasl.oauthbearer.token.endpoint.url = null
	security.protocol = PLAINTEXT
	security.providers = null
	send.buffer.bytes = 131072
	session.timeout.ms = 45000
	socket.connection.setup.timeout.max.ms = 30000
	socket.connection.setup.timeout.ms = 10000
	ssl.cipher.suites = null
	ssl.enabled.protocols = [TLSv1.2, TLSv1.3]
	ssl.endpoint.identification.algorithm = https
	ssl.engine.factory.class = null
	ssl.key.password = null
	ssl.keymanager.algorithm = SunX509
	ssl.keystore.certificate.chain = null
	ssl.keystore.key = null
	ssl.keystore.location = null
	ssl.keystore.password = null
	ssl.keystore.type = JKS
	ssl.protocol = TLSv1.3
	ssl.provider = null
	ssl.secure.random.implementation = null
	ssl.trustmanager.algorithm = PKIX
	ssl.truststore.certificates = null
	ssl.truststore.location = null
	ssl.truststore.password = null
	ssl.truststore.type = JKS
	value.deserializer = class org.apache.kafka.common.serialization.StringDeserializer

2025-12-02T17:13:41.811+01:00  INFO 94552 --- [demo] [main] o.a.k.c.t.i.KafkaMetricsCollector        : initializing Kafka metrics collector
2025-12-02T17:13:41.848+01:00  INFO 94552 --- [demo] [main] o.a.kafka.common.utils.AppInfoParser     : Kafka version: 3.7.1
2025-12-02T17:13:41.849+01:00  INFO 94552 --- [demo] [main] o.a.kafka.common.utils.AppInfoParser     : Kafka commitId: e2494e6ffb89f828
2025-12-02T17:13:41.849+01:00  INFO 94552 --- [demo] [main] o.a.kafka.common.utils.AppInfoParser     : Kafka startTimeMs: 1764692021848
2025-12-02T17:13:41.851+01:00  INFO 94552 --- [demo] [main] o.a.k.c.c.internals.LegacyKafkaConsumer  : [Consumer clientId=consumer-myGroup-1, groupId=myGroup] Subscribed to topic(s): warehouse-events
2025-12-02T17:13:41.859+01:00  INFO 94552 --- [demo] [main] com.example.demo.ProducerMain            : Started ProducerMain in 1.038 seconds (process running for 1.304)
2025-12-02T17:13:41.986+01:00  INFO 94552 --- [demo] [org.springframework.kafka.KafkaListenerEndpointContainer#0-0-C-1] org.apache.kafka.clients.Metadata        : [Consumer clientId=consumer-myGroup-1, groupId=myGroup] Cluster ID: rTTVBuMGRx6PSRaqEForqw
2025-12-02T17:13:41.987+01:00  INFO 94552 --- [demo] [org.springframework.kafka.KafkaListenerEndpointContainer#0-0-C-1] o.a.k.c.c.internals.ConsumerCoordinator  : [Consumer clientId=consumer-myGroup-1, groupId=myGroup] Discovered group coordinator localhost:9092 (id: 2147483646 rack: null)
2025-12-02T17:13:41.988+01:00  INFO 94552 --- [demo] [org.springframework.kafka.KafkaListenerEndpointContainer#0-0-C-1] o.a.k.c.c.internals.ConsumerCoordinator  : [Consumer clientId=consumer-myGroup-1, groupId=myGroup] (Re-)joining group
2025-12-02T17:13:41.995+01:00  INFO 94552 --- [demo] [org.springframework.kafka.KafkaListenerEndpointContainer#0-0-C-1] o.a.k.c.c.internals.ConsumerCoordinator  : [Consumer clientId=consumer-myGroup-1, groupId=myGroup] Request joining group due to: need to re-join with the given member-id: consumer-myGroup-1-38842311-0f7f-478c-b412-dac423a4a70f
2025-12-02T17:13:41.996+01:00  INFO 94552 --- [demo] [org.springframework.kafka.KafkaListenerEndpointContainer#0-0-C-1] o.a.k.c.c.internals.ConsumerCoordinator  : [Consumer clientId=consumer-myGroup-1, groupId=myGroup] (Re-)joining group
2025-12-02T17:13:44.997+01:00  INFO 94552 --- [demo] [org.springframework.kafka.KafkaListenerEndpointContainer#0-0-C-1] o.a.k.c.c.internals.ConsumerCoordinator  : [Consumer clientId=consumer-myGroup-1, groupId=myGroup] Successfully joined group with generation Generation{generationId=7, memberId='consumer-myGroup-1-38842311-0f7f-478c-b412-dac423a4a70f', protocol='range'}
2025-12-02T17:13:45.001+01:00  INFO 94552 --- [demo] [org.springframework.kafka.KafkaListenerEndpointContainer#0-0-C-1] o.a.k.c.c.internals.ConsumerCoordinator  : [Consumer clientId=consumer-myGroup-1, groupId=myGroup] Finished assignment for group at generation 7: {consumer-myGroup-1-38842311-0f7f-478c-b412-dac423a4a70f=Assignment(partitions=[warehouse-events-0])}
2025-12-02T17:13:45.005+01:00  INFO 94552 --- [demo] [org.springframework.kafka.KafkaListenerEndpointContainer#0-0-C-1] o.a.k.c.c.internals.ConsumerCoordinator  : [Consumer clientId=consumer-myGroup-1, groupId=myGroup] Successfully synced group in generation Generation{generationId=7, memberId='consumer-myGroup-1-38842311-0f7f-478c-b412-dac423a4a70f', protocol='range'}
2025-12-02T17:13:45.005+01:00  INFO 94552 --- [demo] [org.springframework.kafka.KafkaListenerEndpointContainer#0-0-C-1] o.a.k.c.c.internals.ConsumerCoordinator  : [Consumer clientId=consumer-myGroup-1, groupId=myGroup] Notifying assignor about the new Assignment(partitions=[warehouse-events-0])
2025-12-02T17:13:45.007+01:00  INFO 94552 --- [demo] [org.springframework.kafka.KafkaListenerEndpointContainer#0-0-C-1] k.c.c.i.ConsumerRebalanceListenerInvoker : [Consumer clientId=consumer-myGroup-1, groupId=myGroup] Adding newly assigned partitions: warehouse-events-0
2025-12-02T17:13:45.011+01:00  INFO 94552 --- [demo] [org.springframework.kafka.KafkaListenerEndpointContainer#0-0-C-1] o.a.k.c.c.internals.ConsumerUtils        : Setting offset for partition warehouse-events-0 to the committed offset FetchPosition{offset=7, offsetEpoch=Optional.empty, currentLeader=LeaderAndEpoch{leader=Optional[localhost:9092 (id: 1 rack: null)], epoch=0}}
2025-12-02T17:13:45.012+01:00  INFO 94552 --- [demo] [org.springframework.kafka.KafkaListenerEndpointContainer#0-0-C-1] o.s.k.l.KafkaMessageListenerContainer    : myGroup: partitions assigned: [warehouse-events-0]
2025-12-02T17:13:48.001+01:00  INFO 94552 --- [demo] [org.springframework.kafka.KafkaListenerEndpointContainer#0-0-C-1] o.a.k.c.c.internals.ConsumerCoordinator  : [Consumer clientId=consumer-myGroup-1, groupId=myGroup] Request joining group due to: group is already rebalancing
2025-12-02T17:13:48.002+01:00  INFO 94552 --- [demo] [org.springframework.kafka.KafkaListenerEndpointContainer#0-0-C-1] k.c.c.i.ConsumerRebalanceListenerInvoker : [Consumer clientId=consumer-myGroup-1, groupId=myGroup] Revoke previously assigned partitions warehouse-events-0
2025-12-02T17:13:48.003+01:00  INFO 94552 --- [demo] [org.springframework.kafka.KafkaListenerEndpointContainer#0-0-C-1] o.s.k.l.KafkaMessageListenerContainer    : myGroup: partitions revoked: [warehouse-events-0]
2025-12-02T17:13:48.004+01:00  INFO 94552 --- [demo] [org.springframework.kafka.KafkaListenerEndpointContainer#0-0-C-1] o.a.k.c.c.internals.ConsumerCoordinator  : [Consumer clientId=consumer-myGroup-1, groupId=myGroup] (Re-)joining group
2025-12-02T17:13:48.008+01:00  INFO 94552 --- [demo] [org.springframework.kafka.KafkaListenerEndpointContainer#0-0-C-1] o.a.k.c.c.internals.ConsumerCoordinator  : [Consumer clientId=consumer-myGroup-1, groupId=myGroup] Successfully joined group with generation Generation{generationId=8, memberId='consumer-myGroup-1-38842311-0f7f-478c-b412-dac423a4a70f', protocol='range'}
2025-12-02T17:13:48.009+01:00  INFO 94552 --- [demo] [org.springframework.kafka.KafkaListenerEndpointContainer#0-0-C-1] o.a.k.c.c.internals.ConsumerCoordinator  : [Consumer clientId=consumer-myGroup-1, groupId=myGroup] Finished assignment for group at generation 8: {consumer-myGroup-1-10c2ccf2-b9a0-45e0-8964-c894749691e9=Assignment(partitions=[warehouse-events-0]), consumer-myGroup-1-38842311-0f7f-478c-b412-dac423a4a70f=Assignment(partitions=[])}
2025-12-02T17:13:48.012+01:00  INFO 94552 --- [demo] [org.springframework.kafka.KafkaListenerEndpointContainer#0-0-C-1] o.a.k.c.c.internals.ConsumerCoordinator  : [Consumer clientId=consumer-myGroup-1, groupId=myGroup] Successfully synced group in generation Generation{generationId=8, memberId='consumer-myGroup-1-38842311-0f7f-478c-b412-dac423a4a70f', protocol='range'}
2025-12-02T17:13:48.013+01:00  INFO 94552 --- [demo] [org.springframework.kafka.KafkaListenerEndpointContainer#0-0-C-1] o.a.k.c.c.internals.ConsumerCoordinator  : [Consumer clientId=consumer-myGroup-1, groupId=myGroup] Notifying assignor about the new Assignment(partitions=[])
2025-12-02T17:13:48.013+01:00  INFO 94552 --- [demo] [org.springframework.kafka.KafkaListenerEndpointContainer#0-0-C-1] k.c.c.i.ConsumerRebalanceListenerInvoker : [Consumer clientId=consumer-myGroup-1, groupId=myGroup] Adding newly assigned partitions: 
2025-12-02T17:13:48.013+01:00  INFO 94552 --- [demo] [org.springframework.kafka.KafkaListenerEndpointContainer#0-0-C-1] o.s.k.l.KafkaMessageListenerContainer    : myGroup: partitions assigned: []
2025-12-02T17:13:54.164+01:00  INFO 94552 --- [demo] [http-nio-8080-exec-1] o.a.c.c.C.[Tomcat].[localhost].[/]       : Initializing Spring DispatcherServlet 'dispatcherServlet'
2025-12-02T17:13:54.165+01:00  INFO 94552 --- [demo] [http-nio-8080-exec-1] o.s.web.servlet.DispatcherServlet        : Initializing Servlet 'dispatcherServlet'
2025-12-02T17:13:54.166+01:00  INFO 94552 --- [demo] [http-nio-8080-exec-1] o.s.web.servlet.DispatcherServlet        : Completed initialization in 1 ms
2025-12-02T17:13:54.220+01:00  INFO 94552 --- [demo] [http-nio-8080-exec-1] o.a.k.clients.producer.ProducerConfig    : ProducerConfig values: 
	acks = -1
	auto.include.jmx.reporter = true
	batch.size = 16384
	bootstrap.servers = [localhost:9092]
	buffer.memory = 33554432
	client.dns.lookup = use_all_dns_ips
	client.id = demo-producer-1
	compression.type = none
	connections.max.idle.ms = 540000
	delivery.timeout.ms = 120000
	enable.idempotence = true
	enable.metrics.push = true
	interceptor.classes = []
	key.serializer = class org.apache.kafka.common.serialization.StringSerializer
	linger.ms = 0
	max.block.ms = 60000
	max.in.flight.requests.per.connection = 5
	max.request.size = 1048576
	metadata.max.age.ms = 300000
	metadata.max.idle.ms = 300000
	metric.reporters = []
	metrics.num.samples = 2
	metrics.recording.level = INFO
	metrics.sample.window.ms = 30000
	partitioner.adaptive.partitioning.enable = true
	partitioner.availability.timeout.ms = 0
	partitioner.class = null
	partitioner.ignore.keys = false
	receive.buffer.bytes = 32768
	reconnect.backoff.max.ms = 1000
	reconnect.backoff.ms = 50
	request.timeout.ms = 30000
	retries = 2147483647
	retry.backoff.max.ms = 1000
	retry.backoff.ms = 100
	sasl.client.callback.handler.class = null
	sasl.jaas.config = null
	sasl.kerberos.kinit.cmd = /usr/bin/kinit
	sasl.kerberos.min.time.before.relogin = 60000
	sasl.kerberos.service.name = null
	sasl.kerberos.ticket.renew.jitter = 0.05
	sasl.kerberos.ticket.renew.window.factor = 0.8
	sasl.login.callback.handler.class = null
	sasl.login.class = null
	sasl.login.connect.timeout.ms = null
	sasl.login.read.timeout.ms = null
	sasl.login.refresh.buffer.seconds = 300
	sasl.login.refresh.min.period.seconds = 60
	sasl.login.refresh.window.factor = 0.8
	sasl.login.refresh.window.jitter = 0.05
	sasl.login.retry.backoff.max.ms = 10000
	sasl.login.retry.backoff.ms = 100
	sasl.mechanism = GSSAPI
	sasl.oauthbearer.clock.skew.seconds = 30
	sasl.oauthbearer.expected.audience = null
	sasl.oauthbearer.expected.issuer = null
	sasl.oauthbearer.jwks.endpoint.refresh.ms = 3600000
	sasl.oauthbearer.jwks.endpoint.retry.backoff.max.ms = 10000
	sasl.oauthbearer.jwks.endpoint.retry.backoff.ms = 100
	sasl.oauthbearer.jwks.endpoint.url = null
	sasl.oauthbearer.scope.claim.name = scope
	sasl.oauthbearer.sub.claim.name = sub
	sasl.oauthbearer.token.endpoint.url = null
	security.protocol = PLAINTEXT
	security.providers = null
	send.buffer.bytes = 131072
	socket.connection.setup.timeout.max.ms = 30000
	socket.connection.setup.timeout.ms = 10000
	ssl.cipher.suites = null
	ssl.enabled.protocols = [TLSv1.2, TLSv1.3]
	ssl.endpoint.identification.algorithm = https
	ssl.engine.factory.class = null
	ssl.key.password = null
	ssl.keymanager.algorithm = SunX509
	ssl.keystore.certificate.chain = null
	ssl.keystore.key = null
	ssl.keystore.location = null
	ssl.keystore.password = null
	ssl.keystore.type = JKS
	ssl.protocol = TLSv1.3
	ssl.provider = null
	ssl.secure.random.implementation = null
	ssl.trustmanager.algorithm = PKIX
	ssl.truststore.certificates = null
	ssl.truststore.location = null
	ssl.truststore.password = null
	ssl.truststore.type = JKS
	transaction.timeout.ms = 60000
	transactional.id = null
	value.serializer = class org.apache.kafka.common.serialization.StringSerializer

2025-12-02T17:13:54.221+01:00  INFO 94552 --- [demo] [http-nio-8080-exec-1] o.a.k.c.t.i.KafkaMetricsCollector        : initializing Kafka metrics collector
2025-12-02T17:13:54.225+01:00  INFO 94552 --- [demo] [http-nio-8080-exec-1] o.a.k.clients.producer.KafkaProducer     : [Producer clientId=demo-producer-1] Instantiated an idempotent producer.
2025-12-02T17:13:54.234+01:00  INFO 94552 --- [demo] [http-nio-8080-exec-1] o.a.kafka.common.utils.AppInfoParser     : Kafka version: 3.7.1
2025-12-02T17:13:54.234+01:00  INFO 94552 --- [demo] [http-nio-8080-exec-1] o.a.kafka.common.utils.AppInfoParser     : Kafka commitId: e2494e6ffb89f828
2025-12-02T17:13:54.234+01:00  INFO 94552 --- [demo] [http-nio-8080-exec-1] o.a.kafka.common.utils.AppInfoParser     : Kafka startTimeMs: 1764692034234
2025-12-02T17:13:54.237+01:00  INFO 94552 --- [demo] [kafka-producer-network-thread | demo-producer-1] org.apache.kafka.clients.Metadata        : [Producer clientId=demo-producer-1] Cluster ID: rTTVBuMGRx6PSRaqEForqw
2025-12-02T17:13:54.238+01:00  INFO 94552 --- [demo] [kafka-producer-network-thread | demo-producer-1] o.a.k.c.p.internals.TransactionManager   : [Producer clientId=demo-producer-1] ProducerId set to 2 with epoch 0
